[08/23/2022 08:36:32] Debug: Session id: 2816aa3a-e804-47f0-b92f-49ae8b72d88c
[08/23/2022 08:36:32] Debug: Code Processor information: Name :SnowConvert, Version: 7.11.81.0
[08/23/2022 08:36:33] Debug: Getting license
[08/23/2022 08:36:33] Debug: License information
	Status: Failed
	Message: No active license available.
[08/23/2022 08:36:33] Info: Starting to validate parameters
[08/23/2022 08:36:33] Info: Parameters to validate: 
	Execution mode: Conversion
	LICENSE_KEY: a3372138-b87e-4a08-b929-3b48b24c63f1
[08/23/2022 08:36:33] Info: Validation of parameters: Success
[08/23/2022 08:36:33] Debug: Getting code descriptor
[08/23/2022 08:36:33] Debug: Code descriptor information
	Units: 51
	Units type: LOC
	All file bytes: 2141
	All found extensions: .sql,.dml,.ddl,.bteq,.btq,.fl,.fload,.ml,.mload,.mld,.tp,.tpump,.tpt
[08/23/2022 08:36:33] Debug: Calculating fingerprint
[08/23/2022 08:36:33] Debug: Fingerprint information Fingerprint(size=2141,projects=1)
[08/23/2022 08:36:33] Info: Starting to try to validate online license for execution
[08/23/2022 08:36:35] Debug: Getting license
[08/23/2022 08:36:35] Debug: License information
	Status: Failed
	Message: No active license available.
[08/23/2022 08:36:35] Debug: Starting the execution of the controller
[08/23/2022 08:36:36] Debug: Executing the worker: SnowConvert
[08/23/2022 08:36:57] Debug: Finished executing the worker: SnowConvert
[08/23/2022 08:36:59] Info: Controller execution ended
